<?xml version="1.0" encoding="UTF-8" ?>
<testsuites disabled="0" errors="0" failures="1" tests="3" time="59.175">
 <testsuite name="Web Page handles test" timestamp="2020-08-19T11:26:21" hostname="localhost" time="37.546" errors="0" tests="1" skipped="0" disabled="0" failures="1">
  <testcase classname="Web Page handles test" name="Go to new Tab page" time="37.53">
   <failure type="exception" message="Error: Timeout - Async callback was not invoked within timeout specified by jasmine.DEFAULT_TIMEOUT_INTERVAL."><![CDATA[Error: Timeout - Async callback was not invoked within timeout specified by jasmine.DEFAULT_TIMEOUT_INTERVAL.
    at Timeout._onTimeout (C:\Users\admin\AppData\Roaming\npm\node_modules\protractor\node_modules\jasmine-core\lib\jasmine-core\jasmine.js:4281:23)
    at listOnTimeout (internal/timers.js:549:17)
    at processTimers (internal/timers.js:492:7)]]>
   </failure>
  </testcase>
 </testsuite>
 <testsuite name="Demo claculator test" timestamp="2020-08-19T11:26:59" hostname="localhost" time="21.629" errors="0" tests="2" skipped="0" disabled="0" failures="0">
  <testcase classname="Demo claculator test" name="Addition test" time="12.642" />
  <testcase classname="Demo claculator test" name="Subtraction test" time="8.974" />
 </testsuite>
</testsuites>