<?xml version="1.0" encoding="UTF-8" ?>
<testsuites disabled="0" errors="0" failures="0" tests="6" time="51.006">
 <testsuite name="Demo claculator test" timestamp="2020-08-24T13:29:18" hostname="localhost" time="21.344" errors="0" tests="2" skipped="0" disabled="0" failures="0">
  <testcase classname="Demo claculator test" name="Addition test" time="11.906" />
  <testcase classname="Demo claculator test" name="Subtraction test" time="9.38" />
 </testsuite>
 <testsuite name="Web Page handles test" timestamp="2020-08-24T13:29:39" hostname="localhost" time="18.474" errors="0" tests="1" skipped="0" disabled="0" failures="0">
  <testcase classname="Web Page handles test" name="Go to new Tab page" time="18.467" />
 </testsuite>
 <testsuite name="angularjs homepage" timestamp="2020-08-24T13:29:57" hostname="localhost" time="8.891" errors="0" tests="1" skipped="0" disabled="0" failures="0">
  <testcase classname="angularjs homepage" name="should greet the named user" time="6.578" />
 </testsuite>
 <testsuite name="angularjs homepage.todo list" timestamp="2020-08-24T13:30:04" hostname="localhost" time="2.297" errors="0" tests="2" skipped="0" disabled="0" failures="0">
  <testcase classname="angularjs homepage.todo list" name="should list todos" time="1.149" />
  <testcase classname="angularjs homepage.todo list" name="should add a todo" time="1.144" />
 </testsuite>
</testsuites>